
TV_DMN
	linux-vdso.so.1 (0x00007fff06939000)
	libdl.so.2 => /lib/x86_64-linux-gnu/libdl.so.2 (0x00007f4050f93000)
	librt.so.1 => /lib/x86_64-linux-gnu/librt.so.1 (0x00007f4050f8e000)
	libpthread.so.0 => /lib/x86_64-linux-gnu/libpthread.so.0 (0x00007f4050f89000)
	libm.so.6 => /lib/x86_64-linux-gnu/libm.so.6 (0x00007f4050ea2000)
	libc.so.6 => /lib/x86_64-linux-gnu/libc.so.6 (0x00007f4050c00000)
	/lib64/ld-linux-x86-64.so.2 (0x00007f4050faa000)
TV_DESK
	linux-vdso.so.1 (0x00007ffe3f5ea000)
	libdl.so.2 => /lib/x86_64-linux-gnu/libdl.so.2 (0x00007f97f083f000)
	librt.so.1 => /lib/x86_64-linux-gnu/librt.so.1 (0x00007f97f083a000)
	libpthread.so.0 => /lib/x86_64-linux-gnu/libpthread.so.0 (0x00007f97f0835000)
	libm.so.6 => /lib/x86_64-linux-gnu/libm.so.6 (0x00007f97f074e000)
	libc.so.6 => /lib/x86_64-linux-gnu/libc.so.6 (0x00007f97f0400000)
	/lib64/ld-linux-x86-64.so.2 (0x00007f97f0856000)
TV_GUI
	linux-vdso.so.1 (0x00007ffe097eb000)
	librt.so.1 => /lib/x86_64-linux-gnu/librt.so.1 (0x00007f255bf63000)
	libdl.so.2 => /lib/x86_64-linux-gnu/libdl.so.2 (0x00007f255bf5e000)
	libQt5Quick.so.5 => /home/dci-student/Schreibtisch/teamviewer_qs/teamviewerqs/tv_bin/RTlib/qt/lib/libQt5Quick.so.5 (0x00007f255ba00000)
	libQt5X11Extras.so.5 => /home/dci-student/Schreibtisch/teamviewer_qs/teamviewerqs/tv_bin/RTlib/qt/lib/libQt5X11Extras.so.5 (0x00007f255bf47000)
	libQt5DBus.so.5 => /home/dci-student/Schreibtisch/teamviewer_qs/teamviewerqs/tv_bin/RTlib/qt/lib/libQt5DBus.so.5 (0x00007f255bec3000)
	libQt5Qml.so.5 => /home/dci-student/Schreibtisch/teamviewer_qs/teamviewerqs/tv_bin/RTlib/qt/lib/libQt5Qml.so.5 (0x00007f255b600000)
	libQt5Gui.so.5 => /home/dci-student/Schreibtisch/teamviewer_qs/teamviewerqs/tv_bin/RTlib/qt/lib/libQt5Gui.so.5 (0x00007f255b000000)
	libQt5Core.so.5 => /home/dci-student/Schreibtisch/teamviewer_qs/teamviewerqs/tv_bin/RTlib/qt/lib/libQt5Core.so.5 (0x00007f255aa00000)
	libQt5Widgets.so.5 => /home/dci-student/Schreibtisch/teamviewer_qs/teamviewerqs/tv_bin/RTlib/qt/lib/libQt5Widgets.so.5 (0x00007f255a400000)
	libpthread.so.0 => /lib/x86_64-linux-gnu/libpthread.so.0 (0x00007f255bebc000)
	libm.so.6 => /lib/x86_64-linux-gnu/libm.so.6 (0x00007f255b519000)
	libc.so.6 => /lib/x86_64-linux-gnu/libc.so.6 (0x00007f255a000000)
	/lib64/ld-linux-x86-64.so.2 (0x00007f255bf7a000)
	libQt5QmlModels.so.5 => /home/dci-student/Schreibtisch/teamviewer_qs/teamviewerqs/tv_bin/RTlib/qt/lib/libQt5QmlModels.so.5 (0x00007f255af87000)
	libQt5Network.so.5 => /home/dci-student/Schreibtisch/teamviewer_qs/teamviewerqs/tv_bin/RTlib/qt/lib/libQt5Network.so.5 (0x00007f2559a00000)
	libGL.so.1 => /lib/x86_64-linux-gnu/libGL.so.1 (0x00007f255a979000)
	libdbus-1.so.3 => /lib/x86_64-linux-gnu/libdbus-1.so.3 (0x00007f255be6c000)
	libz.so.1 => /lib/x86_64-linux-gnu/libz.so.1 (0x00007f255be4e000)
	libicui18n.so.63 => /home/dci-student/Schreibtisch/teamviewer_qs/teamviewerqs/tv_bin/RTlib/qt/lib/../../libicui18n.so.63 (0x00007f2559600000)
	libicuuc.so.63 => /home/dci-student/Schreibtisch/teamviewer_qs/teamviewerqs/tv_bin/RTlib/qt/lib/../../libicuuc.so.63 (0x00007f255a22c000)
	libicudata.so.63 => /home/dci-student/Schreibtisch/teamviewer_qs/teamviewerqs/tv_bin/RTlib/qt/lib/../../libicudata.so.63 (0x00007f255b9fc000)
	libgthread-2.0.so.0 => /lib/x86_64-linux-gnu/libgthread-2.0.so.0 (0x00007f255b9f7000)
	libglib-2.0.so.0 => /lib/x86_64-linux-gnu/libglib-2.0.so.0 (0x00007f25594c6000)
	libGLdispatch.so.0 => /lib/x86_64-linux-gnu/libGLdispatch.so.0 (0x00007f2559948000)
	libGLX.so.0 => /lib/x86_64-linux-gnu/libGLX.so.0 (0x00007f255b4e5000)
	libsystemd.so.0 => /lib/x86_64-linux-gnu/libsystemd.so.0 (0x00007f25593ff000)
	libpcre.so.3 => /lib/x86_64-linux-gnu/libpcre.so.3 (0x00007f2559389000)
	libX11.so.6 => /lib/x86_64-linux-gnu/libX11.so.6 (0x00007f2559249000)
	liblzma.so.5 => /lib/x86_64-linux-gnu/liblzma.so.5 (0x00007f255b4ba000)
	libzstd.so.1 => /lib/x86_64-linux-gnu/libzstd.so.1 (0x00007f255917a000)
	liblz4.so.1 => /lib/x86_64-linux-gnu/liblz4.so.1 (0x00007f255af67000)
	libcap.so.2 => /lib/x86_64-linux-gnu/libcap.so.2 (0x00007f255b9ea000)
	libgcrypt.so.20 => /lib/x86_64-linux-gnu/libgcrypt.so.20 (0x00007f255903c000)
	libxcb.so.1 => /lib/x86_64-linux-gnu/libxcb.so.1 (0x00007f2559fd6000)
	libgpg-error.so.0 => /lib/x86_64-linux-gnu/libgpg-error.so.0 (0x00007f2559922000)
	libXau.so.6 => /lib/x86_64-linux-gnu/libXau.so.6 (0x00007f255b9e2000)
	libXdmcp.so.6 => /lib/x86_64-linux-gnu/libXdmcp.so.6 (0x00007f255b4b2000)
	libbsd.so.0 => /lib/x86_64-linux-gnu/libbsd.so.0 (0x00007f255990a000)
	libmd.so.0 => /lib/x86_64-linux-gnu/libmd.so.0 (0x00007f255af5a000)
QT_XCB
	linux-vdso.so.1 (0x00007fff12726000)
	libdl.so.2 => /lib/x86_64-linux-gnu/libdl.so.2 (0x00007f9522f88000)
	libQt5XcbQpa.so.5 => /home/dci-student/Schreibtisch/teamviewer_qs/teamviewerqs/tv_bin/RTlib/qt/plugins/platforms/../../lib/libQt5XcbQpa.so.5 (0x00007f9522e75000)
	libfontconfig.so.1 => /lib/x86_64-linux-gnu/libfontconfig.so.1 (0x00007f9522e2b000)
	libfreetype.so.6 => /lib/x86_64-linux-gnu/libfreetype.so.6 (0x00007f9522d63000)
	libz.so.1 => /lib/x86_64-linux-gnu/libz.so.1 (0x00007f9522d47000)
	libQt5Gui.so.5 => /home/dci-student/Schreibtisch/teamviewer_qs/teamviewerqs/tv_bin/RTlib/qt/plugins/platforms/../../lib/libQt5Gui.so.5 (0x00007f9522800000)
	libQt5DBus.so.5 => /home/dci-student/Schreibtisch/teamviewer_qs/teamviewerqs/tv_bin/RTlib/qt/plugins/platforms/../../lib/libQt5DBus.so.5 (0x00007f9522cc1000)
	libQt5Core.so.5 => /home/dci-student/Schreibtisch/teamviewer_qs/teamviewerqs/tv_bin/RTlib/qt/plugins/platforms/../../lib/libQt5Core.so.5 (0x00007f9522200000)
	libGL.so.1 => /lib/x86_64-linux-gnu/libGL.so.1 (0x00007f9522779000)
	libpthread.so.0 => /lib/x86_64-linux-gnu/libpthread.so.0 (0x00007f9522cbc000)
	libX11-xcb.so.1 => /lib/x86_64-linux-gnu/libX11-xcb.so.1 (0x00007f9522cb5000)
	libxcb-icccm.so.4 => /home/dci-student/Schreibtisch/teamviewer_qs/teamviewerqs/tv_bin/RTlib/qt/plugins/platforms/../../../libxcb-icccm.so.4 (0x00007f9522cae000)
	libxcb-image.so.0 => /home/dci-student/Schreibtisch/teamviewer_qs/teamviewerqs/tv_bin/RTlib/qt/plugins/platforms/../../../libxcb-image.so.0 (0x00007f9522ca7000)
	libxcb-shm.so.0 => /lib/x86_64-linux-gnu/libxcb-shm.so.0 (0x00007f9522774000)
	libxcb-keysyms.so.1 => /home/dci-student/Schreibtisch/teamviewer_qs/teamviewerqs/tv_bin/RTlib/qt/plugins/platforms/../../../libxcb-keysyms.so.1 (0x00007f952276f000)
	libxcb-randr.so.0 => /home/dci-student/Schreibtisch/teamviewer_qs/teamviewerqs/tv_bin/RTlib/qt/plugins/platforms/../../../libxcb-randr.so.0 (0x00007f952275d000)
	libxcb-render-util.so.0 => /home/dci-student/Schreibtisch/teamviewer_qs/teamviewerqs/tv_bin/RTlib/qt/plugins/platforms/../../../libxcb-render-util.so.0 (0x00007f95221fa000)
	libxcb-render.so.0 => /lib/x86_64-linux-gnu/libxcb-render.so.0 (0x00007f95221eb000)
	libxcb-shape.so.0 => /lib/x86_64-linux-gnu/libxcb-shape.so.0 (0x00007f95221e6000)
	libxcb-sync.so.1 => /lib/x86_64-linux-gnu/libxcb-sync.so.1 (0x00007f95221dc000)
	libxcb-xfixes.so.0 => /lib/x86_64-linux-gnu/libxcb-xfixes.so.0 (0x00007f95221d2000)
	libxcb-xinerama.so.0 => /home/dci-student/Schreibtisch/teamviewer_qs/teamviewerqs/tv_bin/RTlib/qt/plugins/platforms/../../../libxcb-xinerama.so.0 (0x00007f95221cd000)
	libxcb-xkb.so.1 => /home/dci-student/Schreibtisch/teamviewer_qs/teamviewerqs/tv_bin/RTlib/qt/plugins/platforms/../../../libxcb-xkb.so.1 (0x00007f95221b1000)
	libxcb-xinput.so.0 => /home/dci-student/Schreibtisch/teamviewer_qs/teamviewerqs/tv_bin/RTlib/qt/plugins/platforms/../../../libxcb-xinput.so.0 (0x00007f9522190000)
	libxcb.so.1 => /lib/x86_64-linux-gnu/libxcb.so.1 (0x00007f9522166000)
	libXext.so.6 => /lib/x86_64-linux-gnu/libXext.so.6 (0x00007f9522151000)
	libX11.so.6 => /lib/x86_64-linux-gnu/libX11.so.6 (0x00007f9522011000)
	libSM.so.6 => /lib/x86_64-linux-gnu/libSM.so.6 (0x00007f9522006000)
	libICE.so.6 => /lib/x86_64-linux-gnu/libICE.so.6 (0x00007f9521fe9000)
	libxkbcommon-x11.so.0 => /home/dci-student/Schreibtisch/teamviewer_qs/teamviewerqs/tv_bin/RTlib/qt/plugins/platforms/../../../libxkbcommon-x11.so.0 (0x00007f9521fdd000)
	libxkbcommon.so.0 => /home/dci-student/Schreibtisch/teamviewer_qs/teamviewerqs/tv_bin/RTlib/qt/plugins/platforms/../../../libxkbcommon.so.0 (0x00007f9521f9f000)
	libm.so.6 => /lib/x86_64-linux-gnu/libm.so.6 (0x00007f9521eb8000)
	libc.so.6 => /lib/x86_64-linux-gnu/libc.so.6 (0x00007f9521c00000)
	/lib64/ld-linux-x86-64.so.2 (0x00007f9522fb6000)
	libgthread-2.0.so.0 => /lib/x86_64-linux-gnu/libgthread-2.0.so.0 (0x00007f9521eb1000)
	libglib-2.0.so.0 => /lib/x86_64-linux-gnu/libglib-2.0.so.0 (0x00007f9521ac6000)
	libexpat.so.1 => /lib/x86_64-linux-gnu/libexpat.so.1 (0x00007f9521e80000)
	libuuid.so.1 => /lib/x86_64-linux-gnu/libuuid.so.1 (0x00007f9521e77000)
	libpng16.so.16 => /lib/x86_64-linux-gnu/libpng16.so.16 (0x00007f9521e3c000)
	libbrotlidec.so.1 => /lib/x86_64-linux-gnu/libbrotlidec.so.1 (0x00007f9521e2c000)
	libdbus-1.so.3 => /lib/x86_64-linux-gnu/libdbus-1.so.3 (0x00007f9521a78000)
	libicui18n.so.63 => /home/dci-student/Schreibtisch/teamviewer_qs/teamviewerqs/tv_bin/RTlib/qt/plugins/platforms/../../lib/../../libicui18n.so.63 (0x00007f9521600000)
	libicuuc.so.63 => /home/dci-student/Schreibtisch/teamviewer_qs/teamviewerqs/tv_bin/RTlib/qt/plugins/platforms/../../lib/../../libicuuc.so.63 (0x00007f952142c000)
	libicudata.so.63 => /home/dci-student/Schreibtisch/teamviewer_qs/teamviewerqs/tv_bin/RTlib/qt/plugins/platforms/../../lib/../../libicudata.so.63 (0x00007f9521e28000)
	libGLdispatch.so.0 => /lib/x86_64-linux-gnu/libGLdispatch.so.0 (0x00007f95219be000)
	libGLX.so.0 => /lib/x86_64-linux-gnu/libGLX.so.0 (0x00007f952198a000)
	libxcb-util.so.1 => /home/dci-student/Schreibtisch/teamviewer_qs/teamviewerqs/tv_bin/RTlib/qt/plugins/platforms/../../../libxcb-util.so.1 (0x00007f9521982000)
	libXau.so.6 => /lib/x86_64-linux-gnu/libXau.so.6 (0x00007f952197c000)
	libXdmcp.so.6 => /lib/x86_64-linux-gnu/libXdmcp.so.6 (0x00007f9521974000)
	libbsd.so.0 => /lib/x86_64-linux-gnu/libbsd.so.0 (0x00007f952195a000)
	libpcre.so.3 => /lib/x86_64-linux-gnu/libpcre.so.3 (0x00007f95213b6000)
	libbrotlicommon.so.1 => /lib/x86_64-linux-gnu/libbrotlicommon.so.1 (0x00007f9521937000)
	libsystemd.so.0 => /lib/x86_64-linux-gnu/libsystemd.so.0 (0x00007f95212ef000)
	libmd.so.0 => /lib/x86_64-linux-gnu/libmd.so.0 (0x00007f952192a000)
	liblzma.so.5 => /lib/x86_64-linux-gnu/liblzma.so.5 (0x00007f95212c4000)
	libzstd.so.1 => /lib/x86_64-linux-gnu/libzstd.so.1 (0x00007f95211f5000)
	liblz4.so.1 => /lib/x86_64-linux-gnu/liblz4.so.1 (0x00007f9521908000)
	libcap.so.2 => /lib/x86_64-linux-gnu/libcap.so.2 (0x00007f95211ea000)
	libgcrypt.so.20 => /lib/x86_64-linux-gnu/libgcrypt.so.20 (0x00007f95210ac000)
	libgpg-error.so.0 => /lib/x86_64-linux-gnu/libgpg-error.so.0 (0x00007f9521086000)
